<?xml version="1.0" encoding="UTF-8"?>
<!-- Generated by org.testng.reporters.JUnitReportReporter -->
<testsuite hostname="L-008829" name="test.cdd.CheckBoxFunctionality" tests="1" failures="0" timestamp="11 Aug 2016 12:35:51 GMT" time="14.733" errors="0">
  <testcase name="login" time="14.733" classname="test.cdd.CheckBoxFunctionality"/>
</testsuite> <!-- test.cdd.CheckBoxFunctionality -->
