<?xml version="1.0" encoding="UTF-8"?>
<!-- Generated by org.testng.reporters.JUnitReportReporter -->
<testsuite hostname="L-008829" name="test.cdd.CheckBoxFunctionality" tests="1" failures="0" timestamp="10 Aug 2016 10:07:21 GMT" time="52.465" errors="0">
  <testcase name="login" time="52.465" classname="test.cdd.CheckBoxFunctionality"/>
</testsuite> <!-- test.cdd.CheckBoxFunctionality -->
