<?xml version="1.0" encoding="UTF-8"?>
<!-- Generated by org.testng.reporters.JUnitReportReporter -->
<testsuite hostname="L-008829" name="test.CurrencyList" tests="1" failures="0" timestamp="4 Aug 2016 20:24:52 GMT" time="11.086" errors="0">
  <testcase name="f" time="11.086" classname="test.CurrencyList"/>
</testsuite> <!-- test.CurrencyList -->
