<?xml version="1.0" encoding="UTF-8"?>
<!-- Generated by org.testng.reporters.JUnitReportReporter -->
<testsuite hostname="L-008829" name="test.login.TNGAnnotations" tests="3" failures="0" timestamp="11 Aug 2016 12:26:43 GMT" time="6.629" errors="0">
  <testcase name="NeuspesnoLogovanje" time="1.836" classname="test.login.TNGAnnotations"/>
  <testcase name="UspesnoLogovanje" time="2.978" classname="test.login.TNGAnnotations"/>
  <testcase name="NeuspesnoLogovanje1" time="1.815" classname="test.login.TNGAnnotations"/>
</testsuite> <!-- test.login.TNGAnnotations -->
