<?xml version="1.0" encoding="UTF-8"?>
<!-- Generated by org.testng.reporters.JUnitReportReporter -->
<testsuite hostname="L-008829" name="test.login.TNGAnnotations" tests="3" failures="0" timestamp="11 Aug 2016 14:52:43 GMT" time="5.700" errors="0">
  <testcase name="NeuspesnoLogovanje1" time="1.202" classname="test.login.TNGAnnotations"/>
  <testcase name="NeuspesnoLogovanje" time="1.265" classname="test.login.TNGAnnotations"/>
  <testcase name="UspesnoLogovanje" time="3.233" classname="test.login.TNGAnnotations"/>
</testsuite> <!-- test.login.TNGAnnotations -->
