<?xml version="1.0" encoding="UTF-8"?>
<!-- Generated by org.testng.reporters.JUnitReportReporter -->
<testsuite hostname="L-008829" name="test.IVE" tests="1" failures="0" timestamp="3 Aug 2016 12:21:36 GMT" time="15.822" errors="0">
  <testcase name="f" time="15.822" classname="test.IVE"/>
</testsuite> <!-- test.IVE -->
