<?xml version="1.0" encoding="UTF-8"?>
<!-- Generated by org.testng.reporters.JUnitReportReporter -->
<testsuite hostname="L-008829" name="test.login.TNGAnnotations" tests="3" failures="0" timestamp="10 Aug 2016 15:09:21 GMT" time="7.417" errors="0">
  <testcase name="NeuspesnoLogovanje" time="2.029" classname="test.login.TNGAnnotations"/>
  <testcase name="UspesnoLogovanje" time="3.443" classname="test.login.TNGAnnotations"/>
  <testcase name="NeuspesnoLogovanje1" time="1.945" classname="test.login.TNGAnnotations"/>
</testsuite> <!-- test.login.TNGAnnotations -->
