<?xml version="1.0" encoding="UTF-8"?>
<!-- Generated by org.testng.reporters.JUnitReportReporter -->
<testsuite hostname="L-008829" name="test.login.TNGAnnotations" tests="3" failures="0" timestamp="9 Aug 2016 11:25:12 GMT" time="12.229" errors="0">
  <testcase name="NeuspesnoLogovanje1" time="1.972" classname="test.login.TNGAnnotations"/>
  <testcase name="UspesnoLogovanje" time="8.201" classname="test.login.TNGAnnotations"/>
  <testcase name="NeuspesnoLogovanje" time="2.056" classname="test.login.TNGAnnotations"/>
</testsuite> <!-- test.login.TNGAnnotations -->
