<?xml version="1.0" encoding="UTF-8"?>
<!-- Generated by org.testng.reporters.JUnitReportReporter -->
<testsuite hostname="L-008829" name="test.CurrencyList" tests="1" failures="0" timestamp="3 Aug 2016 12:01:47 GMT" time="8.638" errors="0">
  <testcase name="f" time="8.638" classname="test.CurrencyList"/>
</testsuite> <!-- test.CurrencyList -->
