<?xml version="1.0" encoding="UTF-8"?>
<!-- Generated by org.testng.reporters.JUnitReportReporter -->
<testsuite hostname="L-008829" name="test.Login" tests="1" failures="0" timestamp="8 Aug 2016 10:32:15 GMT" time="119.922" errors="0">
  <testcase name="login" time="119.922" classname="test.Login"/>
</testsuite> <!-- test.Login -->
