<?xml version="1.0" encoding="UTF-8"?>
<!-- Generated by org.testng.reporters.JUnitReportReporter -->
<testsuite hostname="L-008829" name="test.NewTest" tests="1" failures="0" timestamp="3 Aug 2016 11:50:23 GMT" time="8.963" errors="0">
  <testcase name="f" time="8.963" classname="test.NewTest"/>
</testsuite> <!-- test.NewTest -->
